11-Sep-2014 15:11:46.413 INFO [main] org.apache.catalina.core.AprLifecycleListener.init The APR based Apache Tomcat Native library which allows optimal performance in production environments was not found on the java.library.path: C:\Program Files (x86)\Java\jdk1.8.0_20\bin;C:\Windows\Sun\Java\bin;C:\Windows\system32;C:\Windows;C:\ProgramData\Oracle\Java\javapath;C:\Program Files (x86)\NVIDIA Corporation\PhysX\Common;C:\Windows\system32;C:\Windows;C:\Windows\System32\Wbem;C:\Windows\System32\WindowsPowerShell\v1.0\;C:\Program Files (x86)\Intel\Services\IPT\;C:\Program Files (x86)\Common Files\Acronis\SnapAPI\;C:\Program Files (x86)\Acronis\CommandLineTool\;C:\Users\Jürg Sutter\Dropbox\DESM-Verein\Projekte\DESM-Middleware\ch.desm.middleware\Apache\apache-maven-3.2.3\bin;C:\Program Files (x86)\Java\jdk1.8.0_20\bin;.
11-Sep-2014 15:11:47.879 INFO [main] org.apache.coyote.AbstractProtocol.init Initializing ProtocolHandler ["http-nio-8080"]
11-Sep-2014 15:11:49.380 INFO [main] org.apache.tomcat.util.net.NioSelectorPool.getSharedSelector Using a shared selector for servlet write/read
11-Sep-2014 15:11:49.383 INFO [main] org.apache.coyote.AbstractProtocol.init Initializing ProtocolHandler ["ajp-nio-8009"]
11-Sep-2014 15:11:49.384 INFO [main] org.apache.tomcat.util.net.NioSelectorPool.getSharedSelector Using a shared selector for servlet write/read
11-Sep-2014 15:11:49.385 INFO [main] org.apache.catalina.startup.Catalina.load Initialization processed in 4912 ms
11-Sep-2014 15:11:49.459 INFO [main] org.apache.catalina.core.StandardService.startInternal Starting service Catalina
11-Sep-2014 15:11:49.460 INFO [main] org.apache.catalina.core.StandardEngine.startInternal Starting Servlet Engine: Apache Tomcat/8.0.12
11-Sep-2014 15:11:49.480 INFO [localhost-startStop-1] org.apache.catalina.startup.HostConfig.deployDirectory Deploying web application directory C:\Users\Jürg Sutter\Dropbox\DESM-Verein\Projekte\DESM-Middleware\ch.desm.middleware\Apache\apache-tomcat-8.0.12\webapps\docs
11-Sep-2014 15:11:50.148 INFO [localhost-startStop-1] org.apache.catalina.util.SessionIdGeneratorBase.createSecureRandom Creation of SecureRandom instance for session ID generation using [SHA1PRNG] took [209] milliseconds.
11-Sep-2014 15:11:50.205 INFO [localhost-startStop-1] org.apache.catalina.startup.HostConfig.deployDirectory Deployment of web application directory C:\Users\Jürg Sutter\Dropbox\DESM-Verein\Projekte\DESM-Middleware\ch.desm.middleware\Apache\apache-tomcat-8.0.12\webapps\docs has finished in 725 ms
11-Sep-2014 15:11:50.206 INFO [localhost-startStop-1] org.apache.catalina.startup.HostConfig.deployDirectory Deploying web application directory C:\Users\Jürg Sutter\Dropbox\DESM-Verein\Projekte\DESM-Middleware\ch.desm.middleware\Apache\apache-tomcat-8.0.12\webapps\examples
11-Sep-2014 15:11:51.446 INFO [localhost-startStop-1] org.apache.catalina.startup.HostConfig.deployDirectory Deployment of web application directory C:\Users\Jürg Sutter\Dropbox\DESM-Verein\Projekte\DESM-Middleware\ch.desm.middleware\Apache\apache-tomcat-8.0.12\webapps\examples has finished in 1,240 ms
11-Sep-2014 15:11:51.447 INFO [localhost-startStop-1] org.apache.catalina.startup.HostConfig.deployDirectory Deploying web application directory C:\Users\Jürg Sutter\Dropbox\DESM-Verein\Projekte\DESM-Middleware\ch.desm.middleware\Apache\apache-tomcat-8.0.12\webapps\host-manager
11-Sep-2014 15:11:51.651 INFO [localhost-startStop-1] org.apache.catalina.startup.HostConfig.deployDirectory Deployment of web application directory C:\Users\Jürg Sutter\Dropbox\DESM-Verein\Projekte\DESM-Middleware\ch.desm.middleware\Apache\apache-tomcat-8.0.12\webapps\host-manager has finished in 204 ms
11-Sep-2014 15:11:51.658 INFO [localhost-startStop-1] org.apache.catalina.startup.HostConfig.deployDirectory Deploying web application directory C:\Users\Jürg Sutter\Dropbox\DESM-Verein\Projekte\DESM-Middleware\ch.desm.middleware\Apache\apache-tomcat-8.0.12\webapps\manager
11-Sep-2014 15:11:51.695 INFO [localhost-startStop-1] org.apache.catalina.startup.HostConfig.deployDirectory Deployment of web application directory C:\Users\Jürg Sutter\Dropbox\DESM-Verein\Projekte\DESM-Middleware\ch.desm.middleware\Apache\apache-tomcat-8.0.12\webapps\manager has finished in 37 ms
11-Sep-2014 15:11:51.700 INFO [localhost-startStop-1] org.apache.catalina.startup.HostConfig.deployDirectory Deploying web application directory C:\Users\Jürg Sutter\Dropbox\DESM-Verein\Projekte\DESM-Middleware\ch.desm.middleware\Apache\apache-tomcat-8.0.12\webapps\ROOT
11-Sep-2014 15:11:51.737 INFO [localhost-startStop-1] org.apache.catalina.startup.HostConfig.deployDirectory Deployment of web application directory C:\Users\Jürg Sutter\Dropbox\DESM-Verein\Projekte\DESM-Middleware\ch.desm.middleware\Apache\apache-tomcat-8.0.12\webapps\ROOT has finished in 37 ms
11-Sep-2014 15:11:51.741 INFO [main] org.apache.coyote.AbstractProtocol.start Starting ProtocolHandler ["http-nio-8080"]
11-Sep-2014 15:11:51.749 INFO [main] org.apache.coyote.AbstractProtocol.start Starting ProtocolHandler ["ajp-nio-8009"]
11-Sep-2014 15:11:51.755 INFO [main] org.apache.catalina.startup.Catalina.start Server startup in 2369 ms
11-Sep-2014 17:16:07.002 INFO [main] org.apache.catalina.core.AprLifecycleListener.init Loaded APR based Apache Tomcat Native library 1.1.31 using APR version 1.4.8.
11-Sep-2014 17:16:07.004 INFO [main] org.apache.catalina.core.AprLifecycleListener.init APR capabilities: IPv6 [true], sendfile [true], accept filters [false], random [true].
11-Sep-2014 17:16:08.102 INFO [main] org.apache.catalina.core.AprLifecycleListener.initializeSSL OpenSSL successfully initialized (OpenSSL 1.0.1h 5 Jun 2014)
11-Sep-2014 17:16:08.896 INFO [main] org.apache.coyote.AbstractProtocol.init Initializing ProtocolHandler ["http-apr-8080"]
11-Sep-2014 17:16:08.910 INFO [main] org.apache.coyote.AbstractProtocol.init Initializing ProtocolHandler ["ajp-apr-8009"]
11-Sep-2014 17:16:08.912 INFO [main] org.apache.catalina.startup.Catalina.load Initialization processed in 3267 ms
11-Sep-2014 17:16:08.958 INFO [main] org.apache.catalina.core.StandardService.startInternal Starting service Catalina
11-Sep-2014 17:16:08.959 INFO [main] org.apache.catalina.core.StandardEngine.startInternal Starting Servlet Engine: Apache Tomcat/8.0.12
11-Sep-2014 17:16:08.972 INFO [localhost-startStop-1] org.apache.catalina.startup.HostConfig.deployDirectory Deploying web application directory C:\Users\Jürg Sutter\Dropbox\DESM-Verein\Projekte\DESM-Middleware\ch.desm.middleware\Apache\apache-tomcat-8.0.12\webapps\docs
11-Sep-2014 17:16:09.411 INFO [localhost-startStop-1] org.apache.catalina.util.SessionIdGeneratorBase.createSecureRandom Creation of SecureRandom instance for session ID generation using [SHA1PRNG] took [128] milliseconds.
11-Sep-2014 17:16:09.486 INFO [localhost-startStop-1] org.apache.catalina.startup.HostConfig.deployDirectory Deployment of web application directory C:\Users\Jürg Sutter\Dropbox\DESM-Verein\Projekte\DESM-Middleware\ch.desm.middleware\Apache\apache-tomcat-8.0.12\webapps\docs has finished in 514 ms
11-Sep-2014 17:16:09.488 INFO [localhost-startStop-1] org.apache.catalina.startup.HostConfig.deployDirectory Deploying web application directory C:\Users\Jürg Sutter\Dropbox\DESM-Verein\Projekte\DESM-Middleware\ch.desm.middleware\Apache\apache-tomcat-8.0.12\webapps\examples
11-Sep-2014 17:16:12.153 INFO [localhost-startStop-1] org.apache.catalina.startup.HostConfig.deployDirectory Deployment of web application directory C:\Users\Jürg Sutter\Dropbox\DESM-Verein\Projekte\DESM-Middleware\ch.desm.middleware\Apache\apache-tomcat-8.0.12\webapps\examples has finished in 2,665 ms
11-Sep-2014 17:16:12.155 INFO [localhost-startStop-1] org.apache.catalina.startup.HostConfig.deployDirectory Deploying web application directory C:\Users\Jürg Sutter\Dropbox\DESM-Verein\Projekte\DESM-Middleware\ch.desm.middleware\Apache\apache-tomcat-8.0.12\webapps\host-manager
11-Sep-2014 17:16:12.211 INFO [localhost-startStop-1] org.apache.catalina.startup.HostConfig.deployDirectory Deployment of web application directory C:\Users\Jürg Sutter\Dropbox\DESM-Verein\Projekte\DESM-Middleware\ch.desm.middleware\Apache\apache-tomcat-8.0.12\webapps\host-manager has finished in 55 ms
11-Sep-2014 17:16:12.212 INFO [localhost-startStop-1] org.apache.catalina.startup.HostConfig.deployDirectory Deploying web application directory C:\Users\Jürg Sutter\Dropbox\DESM-Verein\Projekte\DESM-Middleware\ch.desm.middleware\Apache\apache-tomcat-8.0.12\webapps\manager
11-Sep-2014 17:16:12.261 INFO [localhost-startStop-1] org.apache.catalina.startup.HostConfig.deployDirectory Deployment of web application directory C:\Users\Jürg Sutter\Dropbox\DESM-Verein\Projekte\DESM-Middleware\ch.desm.middleware\Apache\apache-tomcat-8.0.12\webapps\manager has finished in 49 ms
11-Sep-2014 17:16:12.263 INFO [localhost-startStop-1] org.apache.catalina.startup.HostConfig.deployDirectory Deploying web application directory C:\Users\Jürg Sutter\Dropbox\DESM-Verein\Projekte\DESM-Middleware\ch.desm.middleware\Apache\apache-tomcat-8.0.12\webapps\ROOT
11-Sep-2014 17:16:12.280 INFO [localhost-startStop-1] org.apache.catalina.startup.HostConfig.deployDirectory Deployment of web application directory C:\Users\Jürg Sutter\Dropbox\DESM-Verein\Projekte\DESM-Middleware\ch.desm.middleware\Apache\apache-tomcat-8.0.12\webapps\ROOT has finished in 17 ms
11-Sep-2014 17:16:12.285 INFO [main] org.apache.coyote.AbstractProtocol.start Starting ProtocolHandler ["http-apr-8080"]
11-Sep-2014 17:16:12.293 INFO [main] org.apache.coyote.AbstractProtocol.start Starting ProtocolHandler ["ajp-apr-8009"]
11-Sep-2014 17:16:12.295 INFO [main] org.apache.catalina.startup.Catalina.start Server startup in 3381 ms
11-Sep-2014 17:35:46.831 INFO [main] org.apache.catalina.core.AprLifecycleListener.init Loaded APR based Apache Tomcat Native library 1.1.31 using APR version 1.4.8.
11-Sep-2014 17:35:46.832 INFO [main] org.apache.catalina.core.AprLifecycleListener.init APR capabilities: IPv6 [true], sendfile [true], accept filters [false], random [true].
11-Sep-2014 17:35:47.926 INFO [main] org.apache.catalina.core.AprLifecycleListener.initializeSSL OpenSSL successfully initialized (OpenSSL 1.0.1h 5 Jun 2014)
11-Sep-2014 17:35:48.029 INFO [main] org.apache.coyote.AbstractProtocol.init Initializing ProtocolHandler ["http-apr-8080"]
11-Sep-2014 17:35:48.041 INFO [main] org.apache.coyote.AbstractProtocol.init Initializing ProtocolHandler ["ajp-apr-8009"]
11-Sep-2014 17:35:48.042 INFO [main] org.apache.catalina.startup.Catalina.load Initialization processed in 1541 ms
11-Sep-2014 17:35:48.063 INFO [main] org.apache.catalina.core.StandardService.startInternal Starting service Catalina
11-Sep-2014 17:35:48.063 INFO [main] org.apache.catalina.core.StandardEngine.startInternal Starting Servlet Engine: Apache Tomcat/8.0.12
11-Sep-2014 17:35:48.071 INFO [localhost-startStop-1] org.apache.catalina.startup.HostConfig.deployDirectory Deploying web application directory C:\Users\Jürg Sutter\Dropbox\DESM-Verein\Projekte\DESM-Middleware\ch.desm.middleware\Apache\apache-tomcat-8.0.12\webapps\docs
11-Sep-2014 17:35:48.449 INFO [localhost-startStop-1] org.apache.catalina.startup.HostConfig.deployDirectory Deployment of web application directory C:\Users\Jürg Sutter\Dropbox\DESM-Verein\Projekte\DESM-Middleware\ch.desm.middleware\Apache\apache-tomcat-8.0.12\webapps\docs has finished in 377 ms
11-Sep-2014 17:35:48.450 INFO [localhost-startStop-1] org.apache.catalina.startup.HostConfig.deployDirectory Deploying web application directory C:\Users\Jürg Sutter\Dropbox\DESM-Verein\Projekte\DESM-Middleware\ch.desm.middleware\Apache\apache-tomcat-8.0.12\webapps\examples
11-Sep-2014 17:35:48.911 INFO [localhost-startStop-1] org.apache.catalina.startup.HostConfig.deployDirectory Deployment of web application directory C:\Users\Jürg Sutter\Dropbox\DESM-Verein\Projekte\DESM-Middleware\ch.desm.middleware\Apache\apache-tomcat-8.0.12\webapps\examples has finished in 461 ms
11-Sep-2014 17:35:48.911 INFO [localhost-startStop-1] org.apache.catalina.startup.HostConfig.deployDirectory Deploying web application directory C:\Users\Jürg Sutter\Dropbox\DESM-Verein\Projekte\DESM-Middleware\ch.desm.middleware\Apache\apache-tomcat-8.0.12\webapps\host-manager
11-Sep-2014 17:35:48.939 INFO [localhost-startStop-1] org.apache.catalina.startup.HostConfig.deployDirectory Deployment of web application directory C:\Users\Jürg Sutter\Dropbox\DESM-Verein\Projekte\DESM-Middleware\ch.desm.middleware\Apache\apache-tomcat-8.0.12\webapps\host-manager has finished in 28 ms
11-Sep-2014 17:35:48.940 INFO [localhost-startStop-1] org.apache.catalina.startup.HostConfig.deployDirectory Deploying web application directory C:\Users\Jürg Sutter\Dropbox\DESM-Verein\Projekte\DESM-Middleware\ch.desm.middleware\Apache\apache-tomcat-8.0.12\webapps\manager
11-Sep-2014 17:35:48.973 INFO [localhost-startStop-1] org.apache.catalina.startup.HostConfig.deployDirectory Deployment of web application directory C:\Users\Jürg Sutter\Dropbox\DESM-Verein\Projekte\DESM-Middleware\ch.desm.middleware\Apache\apache-tomcat-8.0.12\webapps\manager has finished in 33 ms
11-Sep-2014 17:35:48.975 INFO [localhost-startStop-1] org.apache.catalina.startup.HostConfig.deployDirectory Deploying web application directory C:\Users\Jürg Sutter\Dropbox\DESM-Verein\Projekte\DESM-Middleware\ch.desm.middleware\Apache\apache-tomcat-8.0.12\webapps\ROOT
11-Sep-2014 17:35:48.992 INFO [localhost-startStop-1] org.apache.catalina.startup.HostConfig.deployDirectory Deployment of web application directory C:\Users\Jürg Sutter\Dropbox\DESM-Verein\Projekte\DESM-Middleware\ch.desm.middleware\Apache\apache-tomcat-8.0.12\webapps\ROOT has finished in 17 ms
11-Sep-2014 17:35:48.995 INFO [main] org.apache.coyote.AbstractProtocol.start Starting ProtocolHandler ["http-apr-8080"]
11-Sep-2014 17:35:49.002 INFO [main] org.apache.coyote.AbstractProtocol.start Starting ProtocolHandler ["ajp-apr-8009"]
11-Sep-2014 17:35:49.003 INFO [main] org.apache.catalina.startup.Catalina.start Server startup in 960 ms
